#
# A fatal error has been detected by the Java Runtime Environment:
#
#  EXCEPTION_ACCESS_VIOLATION (0xc0000005) at pc=0x0000000065a3acc4, pid=36884, tid=38384
#
# JRE version: Java(TM) SE Runtime Environment (8.0_60-b27) (build 1.8.0_60-b27)
# Java VM: Java HotSpot(TM) 64-Bit Server VM (25.60-b23 mixed mode windows-amd64 compressed oops)
# Problematic frame:
# V  [jvm.dll+0x4bacc4]
#
# Failed to write core dump. Minidumps are not enabled by default on client versions of Windows
#
# If you would like to submit a bug report, please visit:
#   http://bugreport.java.com/bugreport/crash.jsp
#

---------------  T H R E A D  ---------------

Current thread (0x00000000171ce000):  JavaThread "C2 CompilerThread0" daemon [_thread_in_native, id=38384, stack(0x0000000018810000,0x0000000018910000)]

siginfo: ExceptionCode=0xc0000005, reading address 0x0000000025bdb9b8

Registers:
RAX=0x0000000025bdb9a8, RBX=0x000000001a871080, RCX=0x000000001a871080, RDX=0x000000001bff4db0
RSP=0x000000001890baf0, RBP=0x000000001890bc60, RSI=0x00000000000001e6, RDI=0x000000001890bc08
R8 =0x000000000000005c, R9 =0x0000000001000000, R10=0x000000001890bf80, R11=0x000000001bff7090
R12=0x0000000000000001, R13=0x000000001a86fa08, R14=0x000000001890bb98, R15=0x000000001890bbb8
RIP=0x0000000065a3acc4, EFLAGS=0x0000000000010202

Top of Stack: (sp=0x000000001890baf0)
0x000000001890baf0:   000000001cab7f58 00000000000001e0
0x000000001890bb00:   0000000000000001 000000001c9b2000
0x000000001890bb10:   000000001890c950 0000000065a84870
0x000000001890bb20:   000000001cce5730 00000000171961d0
0x000000001890bb30:   0000000018ba34a0 000000001890bc60
0x000000001890bb40:   00000000171961d0 0000000000000000
0x000000001890bb50:   000000001890bf80 0000000065a3ccdf
0x000000001890bb60:   000000001890bf80 0000000000000001
0x000000001890bb70:   0000000000000004 0000000018ba34a0
0x000000001890bb80:   000000001cce5780 000000001cced718
0x000000001890bb90:   0000000000288788 00000000171961d0
0x000000001890bba0:   0000000000000400 000000001c601000
0x000000001890bbb0:   00000000000001e7 0000000065bed228
0x000000001890bbc0:   00000000171961d0 0000000000000400
0x000000001890bbd0:   000000001bff4db0 0000000000000001
0x000000001890bbe0:   000000001cce5730 00000000171961d0 

Instructions: (pc=0x0000000065a3acc4)
0x0000000065a3aca4:   8c 24 80 00 00 00 48 89 1c e8 eb 97 48 8b 43 08
0x0000000065a3acb4:   48 83 38 00 0f 84 87 00 00 00 48 8b 03 48 8b cb
0x0000000065a3acc4:   ff 50 10 84 c0 75 0a 0f b6 43 2c 24 0f 3c 0c 75
0x0000000065a3acd4:   6b 8b 4b 28 8b c1 c1 e8 05 41 3b 47 10 73 29 4c 


Register to memory mapping:

RAX=0x0000000025bdb9a8 is an unknown value
RBX=0x000000001a871080 is an unknown value
RCX=0x000000001a871080 is an unknown value
RDX=0x000000001bff4db0 is an unknown value
RSP=0x000000001890baf0 is pointing into the stack for thread: 0x00000000171ce000
RBP=0x000000001890bc60 is pointing into the stack for thread: 0x00000000171ce000
RSI=0x00000000000001e6 is an unknown value
RDI=0x000000001890bc08 is pointing into the stack for thread: 0x00000000171ce000
R8 =0x000000000000005c is an unknown value
R9 =0x0000000001000000 is an unknown value
R10=0x000000001890bf80 is pointing into the stack for thread: 0x00000000171ce000
R11=0x000000001bff7090 is an unknown value
R12=0x0000000000000001 is an unknown value
R13=0x000000001a86fa08 is an unknown value
R14=0x000000001890bb98 is pointing into the stack for thread: 0x00000000171ce000
R15=0x000000001890bbb8 is pointing into the stack for thread: 0x00000000171ce000


Stack: [0x0000000018810000,0x0000000018910000],  sp=0x000000001890baf0,  free space=1006k
Native frames: (J=compiled Java code, j=interpreted, Vv=VM code, C=native code)
V  [jvm.dll+0x4bacc4]
V  [jvm.dll+0x4bccdf]
V  [jvm.dll+0x46ed61]
V  [jvm.dll+0x46fa9e]
V  [jvm.dll+0x452cb2]
V  [jvm.dll+0xa4662]
V  [jvm.dll+0xa4f9f]
V  [jvm.dll+0x243134]
V  [jvm.dll+0x299f6a]
C  [msvcr100.dll+0x21d9f]
C  [msvcr100.dll+0x21e3b]
C  [KERNEL32.DLL+0x13034]
C  [ntdll.dll+0x71431]


Current CompileTask:
C2:  15735 4134       4       org.springframework.core.ResolvableType::as (86 bytes)


---------------  P R O C E S S  ---------------

Java Threads: ( => current thread )
  0x000000001e9e0800 JavaThread "SimplePauseDetectorThread_0" daemon [_thread_blocked, id=20040, stack(0x000000001f9b0000,0x000000001fab0000)]
  0x000000001c3d4000 JavaThread "Thread-5" daemon [_thread_blocked, id=37048, stack(0x000000001e850000,0x000000001e950000)]
  0x0000000018b98000 JavaThread "surefire-forkedjvm-ping-30s" daemon [_thread_in_native, id=31212, stack(0x0000000019210000,0x0000000019310000)]
  0x0000000018b87800 JavaThread "surefire-forkedjvm-command-thread" daemon [_thread_in_native, id=38840, stack(0x0000000019110000,0x0000000019210000)]
  0x0000000018a1d000 JavaThread "Service Thread" daemon [_thread_blocked, id=34564, stack(0x0000000018f10000,0x0000000019010000)]
  0x0000000018a18800 JavaThread "C1 CompilerThread2" daemon [_thread_blocked, id=38376, stack(0x0000000018e10000,0x0000000018f10000)]
  0x000000001721f000 JavaThread "C2 CompilerThread1" daemon [_thread_in_native, id=19760, stack(0x0000000018910000,0x0000000018a10000)]
=>0x00000000171ce000 JavaThread "C2 CompilerThread0" daemon [_thread_in_native, id=38384, stack(0x0000000018810000,0x0000000018910000)]
  0x00000000171cc800 JavaThread "Attach Listener" daemon [_thread_blocked, id=32284, stack(0x0000000018710000,0x0000000018810000)]
  0x00000000171cb800 JavaThread "Signal Dispatcher" daemon [_thread_blocked, id=37900, stack(0x0000000018610000,0x0000000018710000)]
  0x0000000002687000 JavaThread "Finalizer" daemon [_thread_blocked, id=36660, stack(0x0000000018420000,0x0000000018520000)]
  0x0000000017198800 JavaThread "Reference Handler" daemon [_thread_blocked, id=1408, stack(0x0000000018320000,0x0000000018420000)]
  0x0000000002591000 JavaThread "main" [_thread_in_Java, id=34376, stack(0x0000000002490000,0x0000000002590000)]

Other Threads:
  0x0000000017196800 VMThread [stack: 0x0000000018220000,0x0000000018320000] [id=31468]
  0x0000000018a2a000 WatcherThread [stack: 0x0000000019010000,0x0000000019110000] [id=10564]

VM state:not at safepoint (normal execution)

VM Mutex/Monitor currently owned by a thread: None

Heap:
 PSYoungGen      total 95232K, used 13898K [0x00000000d5e00000, 0x00000000de000000, 0x0000000100000000)
  eden space 82432K, 12% used [0x00000000d5e00000,0x00000000d67daa88,0x00000000dae80000)
  from space 12800K, 29% used [0x00000000dae80000,0x00000000db238000,0x00000000dbb00000)
  to   space 13312K, 0% used [0x00000000dd300000,0x00000000dd300000,0x00000000de000000)
 ParOldGen       total 96256K, used 16952K [0x0000000081a00000, 0x0000000087800000, 0x00000000d5e00000)
  object space 96256K, 17% used [0x0000000081a00000,0x0000000082a8e150,0x0000000087800000)
 Metaspace       used 36044K, capacity 37850K, committed 37936K, reserved 1081344K
  class space    used 4774K, capacity 5128K, committed 5168K, reserved 1048576K

Card table byte_map: [0x0000000011a50000,0x0000000011e50000] byte_map_base: 0x0000000011643000

Marking Bits: (ParMarkBitMap*) 0x0000000065d8a5b0
 Begin Bits: [0x0000000012500000, 0x0000000014498000)
 End Bits:   [0x0000000014498000, 0x0000000016430000)

Polling page: 0x0000000002080000

CodeCache: size=245760Kb used=14248Kb max_used=14248Kb free=231511Kb
 bounds [0x0000000002690000, 0x0000000003490000, 0x0000000011690000]
 total_blobs=4252 nmethods=3833 adapters=330
 compilation: enabled

Compilation events (10 events):
Event: 15.609 Thread 0x0000000018a18800 4168       3       sun.invoke.util.Wrapper::isDoubleWord (15 bytes)
Event: 15.609 Thread 0x0000000018a18800 nmethod 4168 0x000000000347a410 code [0x000000000347a560, 0x000000000347a710]
Event: 15.612 Thread 0x0000000018a18800 4169       3       java.util.Collections$SetFromMap::remove (19 bytes)
Event: 15.612 Thread 0x0000000018a18800 nmethod 4169 0x000000000347a790 code [0x000000000347a900, 0x000000000347ab88]
Event: 15.612 Thread 0x0000000018a18800 4170       3       sun.reflect.annotation.AnnotationParser::skipAnnotation (40 bytes)
Event: 15.613 Thread 0x0000000018a18800 nmethod 4170 0x000000000347ac50 code [0x000000000347ae00, 0x000000000347b3c8]
Event: 15.613 Thread 0x0000000018a18800 4171       3       sun.misc.ProxyGenerator$ConstantPool::write (64 bytes)
Event: 15.614 Thread 0x0000000018a18800 nmethod 4171 0x000000000347b5d0 code [0x000000000347b800, 0x000000000347c488]
Event: 15.619 Thread 0x0000000018a18800 4172       3       org.springframework.core.annotation.AnnotationUtils::searchOnInterfaces (106 bytes)
Event: 15.620 Thread 0x0000000018a18800 nmethod 4172 0x000000000347c9d0 code [0x000000000347cbe0, 0x000000000347d478]

GC Heap History (10 events):
Event: 10.828 GC heap before
{Heap before GC invocations=9 (full 1):
 PSYoungGen      total 55808K, used 53979K [0x00000000d5e00000, 0x00000000daf00000, 0x0000000100000000)
  eden space 47104K, 100% used [0x00000000d5e00000,0x00000000d8c00000,0x00000000d8c00000)
  from space 8704K, 78% used [0x00000000d8c00000,0x00000000d92b6cd0,0x00000000d9480000)
  to   space 8704K, 0% used [0x00000000da680000,0x00000000da680000,0x00000000daf00000)
 ParOldGen       total 62464K, used 7501K [0x0000000081a00000, 0x0000000085700000, 0x00000000d5e00000)
  object space 62464K, 12% used [0x0000000081a00000,0x0000000082153580,0x0000000085700000)
 Metaspace       used 30562K, capacity 31638K, committed 31920K, reserved 1077248K
  class space    used 4010K, capacity 4234K, committed 4272K, reserved 1048576K
Event: 10.860 GC heap after
Heap after GC invocations=9 (full 1):
 PSYoungGen      total 73216K, used 8691K [0x00000000d5e00000, 0x00000000db600000, 0x0000000100000000)
  eden space 64512K, 0% used [0x00000000d5e00000,0x00000000d5e00000,0x00000000d9d00000)
  from space 8704K, 99% used [0x00000000da680000,0x00000000daefcd98,0x00000000daf00000)
  to   space 9728K, 0% used [0x00000000d9d00000,0x00000000d9d00000,0x00000000da680000)
 ParOldGen       total 62464K, used 7678K [0x0000000081a00000, 0x0000000085700000, 0x00000000d5e00000)
  object space 62464K, 12% used [0x0000000081a00000,0x000000008217f940,0x0000000085700000)
 Metaspace       used 30562K, capacity 31638K, committed 31920K, reserved 1077248K
  class space    used 4010K, capacity 4234K, committed 4272K, reserved 1048576K
}
Event: 12.367 GC heap before
{Heap before GC invocations=10 (full 1):
 PSYoungGen      total 73216K, used 73203K [0x00000000d5e00000, 0x00000000db600000, 0x0000000100000000)
  eden space 64512K, 100% used [0x00000000d5e00000,0x00000000d9d00000,0x00000000d9d00000)
  from space 8704K, 99% used [0x00000000da680000,0x00000000daefcd98,0x00000000daf00000)
  to   space 9728K, 0% used [0x00000000d9d00000,0x00000000d9d00000,0x00000000da680000)
 ParOldGen       total 62464K, used 7678K [0x0000000081a00000, 0x0000000085700000, 0x00000000d5e00000)
  object space 62464K, 12% used [0x0000000081a00000,0x000000008217f940,0x0000000085700000)
 Metaspace       used 32518K, capacity 33886K, committed 34096K, reserved 1079296K
  class space    used 4258K, capacity 4544K, committed 4656K, reserved 1048576K
Event: 12.386 GC heap after
Heap after GC invocations=10 (full 1):
 PSYoungGen      total 74240K, used 9716K [0x00000000d5e00000, 0x00000000dc600000, 0x0000000100000000)
  eden space 64512K, 0% used [0x00000000d5e00000,0x00000000d5e00000,0x00000000d9d00000)
  from space 9728K, 99% used [0x00000000d9d00000,0x00000000da67d030,0x00000000da680000)
  to   space 11264K, 0% used [0x00000000dbb00000,0x00000000dbb00000,0x00000000dc600000)
 ParOldGen       total 62464K, used 8161K [0x0000000081a00000, 0x0000000085700000, 0x00000000d5e00000)
  object space 62464K, 13% used [0x0000000081a00000,0x00000000821f85c0,0x0000000085700000)
 Metaspace       used 32518K, capacity 33886K, committed 34096K, reserved 1079296K
  class space    used 4258K, capacity 4544K, committed 4656K, reserved 1048576K
}
Event: 13.604 GC heap before
{Heap before GC invocations=11 (full 1):
 PSYoungGen      total 74240K, used 61444K [0x00000000d5e00000, 0x00000000dc600000, 0x0000000100000000)
  eden space 64512K, 80% used [0x00000000d5e00000,0x00000000d9084350,0x00000000d9d00000)
  from space 9728K, 99% used [0x00000000d9d00000,0x00000000da67d030,0x00000000da680000)
  to   space 11264K, 0% used [0x00000000dbb00000,0x00000000dbb00000,0x00000000dc600000)
 ParOldGen       total 62464K, used 8161K [0x0000000081a00000, 0x0000000085700000, 0x00000000d5e00000)
  object space 62464K, 13% used [0x0000000081a00000,0x00000000821f85c0,0x0000000085700000)
 Metaspace       used 33898K, capacity 35452K, committed 35496K, reserved 1079296K
  class space    used 4440K, capacity 4741K, committed 4784K, reserved 1048576K
Event: 13.675 GC heap after
Heap after GC invocations=11 (full 1):
 PSYoungGen      total 93696K, used 11232K [0x00000000d5e00000, 0x00000000dcf00000, 0x0000000100000000)
  eden space 82432K, 0% used [0x00000000d5e00000,0x00000000d5e00000,0x00000000dae80000)
  from space 11264K, 99% used [0x00000000dbb00000,0x00000000dc5f8020,0x00000000dc600000)
  to   space 12800K, 0% used [0x00000000dae80000,0x00000000dae80000,0x00000000dbb00000)
 ParOldGen       total 62464K, used 9954K [0x0000000081a00000, 0x0000000085700000, 0x00000000d5e00000)
  object space 62464K, 15% used [0x0000000081a00000,0x00000000823b88c8,0x0000000085700000)
 Metaspace       used 33898K, capacity 35452K, committed 35496K, reserved 1079296K
  class space    used 4440K, capacity 4741K, committed 4784K, reserved 1048576K
}
Event: 13.675 GC heap before
{Heap before GC invocations=12 (full 2):
 PSYoungGen      total 93696K, used 11232K [0x00000000d5e00000, 0x00000000dcf00000, 0x0000000100000000)
  eden space 82432K, 0% used [0x00000000d5e00000,0x00000000d5e00000,0x00000000dae80000)
  from space 11264K, 99% used [0x00000000dbb00000,0x00000000dc5f8020,0x00000000dc600000)
  to   space 12800K, 0% used [0x00000000dae80000,0x00000000dae80000,0x00000000dbb00000)
 ParOldGen       total 62464K, used 9954K [0x0000000081a00000, 0x0000000085700000, 0x00000000d5e00000)
  object space 62464K, 15% used [0x0000000081a00000,0x00000000823b88c8,0x0000000085700000)
 Metaspace       used 33898K, capacity 35452K, committed 35496K, reserved 1079296K
  class space    used 4440K, capacity 4741K, committed 4784K, reserved 1048576K
Event: 13.947 GC heap after
Heap after GC invocations=12 (full 2):
 PSYoungGen      total 93696K, used 0K [0x00000000d5e00000, 0x00000000dcf00000, 0x0000000100000000)
  eden space 82432K, 0% used [0x00000000d5e00000,0x00000000d5e00000,0x00000000dae80000)
  from space 11264K, 0% used [0x00000000dbb00000,0x00000000dbb00000,0x00000000dc600000)
  to   space 12800K, 0% used [0x00000000dae80000,0x00000000dae80000,0x00000000dbb00000)
 ParOldGen       total 96256K, used 16944K [0x0000000081a00000, 0x0000000087800000, 0x00000000d5e00000)
  object space 96256K, 17% used [0x0000000081a00000,0x0000000082a8c150,0x0000000087800000)
 Metaspace       used 33898K, capacity 35452K, committed 35496K, reserved 1079296K
  class space    used 4440K, capacity 4741K, committed 4784K, reserved 1048576K
}
Event: 15.529 GC heap before
{Heap before GC invocations=13 (full 2):
 PSYoungGen      total 93696K, used 82432K [0x00000000d5e00000, 0x00000000dcf00000, 0x0000000100000000)
  eden space 82432K, 100% used [0x00000000d5e00000,0x00000000dae80000,0x00000000dae80000)
  from space 11264K, 0% used [0x00000000dbb00000,0x00000000dbb00000,0x00000000dc600000)
  to   space 12800K, 0% used [0x00000000dae80000,0x00000000dae80000,0x00000000dbb00000)
 ParOldGen       total 96256K, used 16944K [0x0000000081a00000, 0x0000000087800000, 0x00000000d5e00000)
  object space 96256K, 17% used [0x0000000081a00000,0x0000000082a8c150,0x0000000087800000)
 Metaspace       used 35439K, capacity 37156K, committed 37296K, reserved 1081344K
  class space    used 4674K, capacity 5021K, committed 5040K, reserved 1048576K
Event: 15.544 GC heap after
Heap after GC invocations=13 (full 2):
 PSYoungGen      total 95232K, used 3808K [0x00000000d5e00000, 0x00000000de000000, 0x0000000100000000)
  eden space 82432K, 0% used [0x00000000d5e00000,0x00000000d5e00000,0x00000000dae80000)
  from space 12800K, 29% used [0x00000000dae80000,0x00000000db238000,0x00000000dbb00000)
  to   space 13312K, 0% used [0x00000000dd300000,0x00000000dd300000,0x00000000de000000)
 ParOldGen       total 96256K, used 16952K [0x0000000081a00000, 0x0000000087800000, 0x00000000d5e00000)
  object space 96256K, 17% used [0x0000000081a00000,0x0000000082a8e150,0x0000000087800000)
 Metaspace       used 35439K, capacity 37156K, committed 37296K, reserved 1081344K
  class space    used 4674K, capacity 5021K, committed 5040K, reserved 1048576K
}

Deoptimization events (10 events):
Event: 14.559 Thread 0x0000000002591000 Uncommon trap: reason=unstable_if action=reinterpret pc=0x0000000002b82aac method=org.springframework.boot.context.properties.source.ConfigurationPropertyName.elementEquals(Ljava/lang/CharSequence;Ljava/lang/CharSequence;)Z @ 75
Event: 15.094 Thread 0x0000000002591000 Uncommon trap: reason=unstable_if action=reinterpret pc=0x0000000003305018 method=sun.reflect.generics.reflectiveObjects.WildcardTypeImpl.getLowerBounds()[Ljava/lang/reflect/Type; @ 23
Event: 15.127 Thread 0x0000000002591000 Uncommon trap: reason=unstable_if action=reinterpret pc=0x000000000325fbec method=java.lang.Class.cast(Ljava/lang/Object;)Ljava/lang/Object; @ 9
Event: 15.233 Thread 0x0000000002591000 Uncommon trap: reason=unstable_if action=reinterpret pc=0x0000000002f08668 method=jdk.internal.org.objectweb.asm.Type.getArgumentsAndReturnSizes(Ljava/lang/String;)I @ 41
Event: 15.269 Thread 0x0000000002591000 Uncommon trap: reason=unstable_if action=reinterpret pc=0x000000000324a0a4 method=jdk.internal.org.objectweb.asm.Item.isEqualTo(Ljdk/internal/org/objectweb/asm/Item;)Z @ 331
Event: 15.554 Thread 0x0000000018a1d000 Uncommon trap: reason=bimorphic action=maybe_recompile pc=0x0000000002802e44 method=java.util.AbstractCollection.containsAll(Ljava/util/Collection;)Z @ 1
Event: 15.555 Thread 0x0000000018a1d000 Uncommon trap: reason=bimorphic action=maybe_recompile pc=0x0000000002802e44 method=java.util.AbstractCollection.containsAll(Ljava/util/Collection;)Z @ 1
Event: 15.555 Thread 0x0000000018a1d000 Uncommon trap: reason=bimorphic action=maybe_recompile pc=0x0000000002802e44 method=java.util.AbstractCollection.containsAll(Ljava/util/Collection;)Z @ 1
Event: 15.555 Thread 0x0000000018a1d000 Uncommon trap: reason=bimorphic action=maybe_recompile pc=0x0000000002802e44 method=java.util.AbstractCollection.containsAll(Ljava/util/Collection;)Z @ 1
Event: 15.633 Thread 0x0000000002591000 Uncommon trap: reason=null_check action=make_not_entrant pc=0x00000000034311d8 method=java.lang.reflect.Array.newInstance(Ljava/lang/Class;I)Ljava/lang/Object; @ 2

Internal exceptions (10 events):
Event: 15.595 Thread 0x0000000002591000 Exception <a 'java/lang/ClassNotFoundException': java/lang/ObjectCustomizer> (0x00000000d619d620) thrown at [C:\re\workspace\8-2-build-windows-amd64-cygwin\jdk8u60\4407\hotspot\src\share\vm\classfile\systemDictionary.cpp, line 210]
Event: 15.596 Thread 0x0000000002591000 Exception <a 'java/lang/ClassNotFoundException': org/springframework/cloud/autoconfigure/LifecycleMvcEndpointAutoConfigurationCustomizer> (0x00000000d61be388) thrown at [C:\re\workspace\8-2-build-windows-amd64-cygwin\jdk8u60\4407\hotspot\src\share\vm\classÐÍ£‡2/@
Event: 15.599 Thread 0x0000000002591000 Exception <a 'java/lang/ClassNotFoundException': org/springframework/cloud/autoconfigure/LifecycleMvcEndpointAutoConfiguration$$EnhancerBySpringCGLIB$$64562902Customizer> (0x00000000d61e5088) thrown at [C:\re\workspace\8-2-build-windows-amd64-cygwin\jdk8u6
Event: 15.600 Thread 0x0000000002591000 Exception <a 'java/lang/ClassNotFoundException': org/springframework/context/annotation/ConfigurationClassEnhancer$EnhancedConfigurationCustomizer> (0x00000000d620b808) thrown at [C:\re\workspace\8-2-build-windows-amd64-cygwin\jdk8u60\4407\hotspot\src\sharïÚïš¡6/@
Event: 15.607 Thread 0x0000000002591000 Exception <a 'java/lang/ClassNotFoundException': java/lang/ObjectCustomizer> (0x00000000d6273a50) thrown at [C:\re\workspace\8-2-build-windows-amd64-cygwin\jdk8u60\4407\hotspot\src\share\vm\classfile\systemDictionary.cpp, line 210]
Event: 15.609 Thread 0x0000000002591000 Exception <a 'java/lang/ClassNotFoundException': org/springframework/cloud/context/environment/EnvironmentManagerCustomizer> (0x00000000d62910f8) thrown at [C:\re\workspace\8-2-build-windows-amd64-cygwin\jdk8u60\4407\hotspot\src\share\vm\classfile\systemDi>ÇìÑÀ8/@
Event: 15.611 Thread 0x0000000002591000 Exception <a 'java/lang/ClassNotFoundException': org/springframework/context/ApplicationEventPublisherAwareCustomizer> (0x00000000d62afe90) thrown at [C:\re\workspace\8-2-build-windows-amd64-cygwin\jdk8u60\4407\hotspot\src\share\vm\classfile\systemDictionaj+›Þ:/@
Event: 15.615 Thread 0x0000000002591000 Exception <a 'java/lang/ClassNotFoundException': java/lang/ObjectCustomizer> (0x00000000d62d3aa8) thrown at [C:\re\workspace\8-2-build-windows-amd64-cygwin\jdk8u60\4407\hotspot\src\share\vm\classfile\systemDictionary.cpp, line 210]
Event: 15.616 Thread 0x0000000002591000 Exception <a 'java/lang/ClassNotFoundException': org/springframework/boot/actuate/env/EnvironmentEndpointWebExtensionCustomizer> (0x00000000d62f1ae0) thrown at [C:\re\workspace\8-2-build-windows-amd64-cygwin\jdk8u60\4407\hotspot\src\share\vm\classfile\systJÀže</@
Event: 15.618 Thread 0x0000000002591000 Exception <a 'java/lang/ClassNotFoundException': org/springframework/cloud/context/environment/WritableEnvironmentEndpointWebExtensionCustomizer> (0x00000000d6313b58) thrown at [C:\re\workspace\8-2-build-windows-amd64-cygwin\jdk8u60\4407\hotspot\src\share\€3çÏm0/@

Events (10 events):
Event: 15.646 loading class org/springframework/jmx/export/annotation/ManagedOperationParameters
Event: 15.646 loading class org/springframework/jmx/export/annotation/ManagedOperationParameters done
Event: 15.647 loading class org/springframework/jmx/export/metadata/ManagedOperationParameter
Event: 15.647 loading class org/springframework/jmx/export/metadata/ManagedOperationParameter done
Event: 15.647 loading class org/springframework/boot/actuate/endpoint/jmx/annotation/DiscoveredJmxOperation$DiscoveredJmxOperationParameter
Event: 15.647 loading class org/springframework/boot/actuate/endpoint/jmx/annotation/DiscoveredJmxOperation$DiscoveredJmxOperationParameter done
Event: 15.649 loading class org/springframework/boot/actuate/endpoint/jmx/JmxOperationParameter
Event: 15.649 loading class org/springframework/boot/actuate/endpoint/jmx/JmxOperationParameter done
Event: 15.649 loading class org/springframework/boot/actuate/endpoint/invoke/OperationParameter
Event: 15.649 loading class org/springframework/boot/actuate/endpoint/invoke/OperationParameter done


Dynamic libraries:
0x00007ff7d3940000 - 0x00007ff7d3977000 	C:\Program Files\Java\jre1.8.0_60\bin\java.exe
0x00007fffe8d00000 - 0x00007fffe8ee1000 	C:\WINDOWS\SYSTEM32\ntdll.dll
0x00007fffe8970000 - 0x00007fffe8a22000 	C:\WINDOWS\System32\KERNEL32.DLL
0x00007fffe5a30000 - 0x00007fffe5ca3000 	C:\WINDOWS\System32\KERNELBASE.dll
0x00007fffe6540000 - 0x00007fffe65e1000 	C:\WINDOWS\System32\ADVAPI32.dll
0x00007fffe8a30000 - 0x00007fffe8ace000 	C:\WINDOWS\System32\msvcrt.dll
0x00007fffe64c0000 - 0x00007fffe651b000 	C:\WINDOWS\System32\sechost.dll
0x00007fffe8ad0000 - 0x00007fffe8bf4000 	C:\WINDOWS\System32\RPCRT4.dll
0x00007fffe65f0000 - 0x00007fffe6780000 	C:\WINDOWS\System32\USER32.dll
0x00007fffe5a10000 - 0x00007fffe5a30000 	C:\WINDOWS\System32\win32u.dll
0x00007fffe6780000 - 0x00007fffe67a8000 	C:\WINDOWS\System32\GDI32.dll
0x00007fffe5f40000 - 0x00007fffe60d2000 	C:\WINDOWS\System32\gdi32full.dll
0x00007fffe5cb0000 - 0x00007fffe5d4f000 	C:\WINDOWS\System32\msvcp_win.dll
0x00007fffe5830000 - 0x00007fffe592a000 	C:\WINDOWS\System32\ucrtbase.dll
0x00007fffdaa10000 - 0x00007fffdac79000 	C:\WINDOWS\WinSxS\amd64_microsoft.windows.common-controls_6595b64144ccf1df_6.0.17134.165_none_fb429645306569ac\COMCTL32.dll
0x00007fffe6190000 - 0x00007fffe64b3000 	C:\WINDOWS\System32\combase.dll
0x00007fffe5990000 - 0x00007fffe5a0a000 	C:\WINDOWS\System32\bcryptPrimitives.dll
0x00007fffe8760000 - 0x00007fffe878d000 	C:\WINDOWS\System32\IMM32.DLL
0x0000000067280000 - 0x00000000672b9000 	C:\PROGRA~2\Sophos\SOPHOS~1\SOPHOS~2.DLL
0x00007fffe8900000 - 0x00007fffe8908000 	C:\WINDOWS\System32\PSAPI.DLL
0x0000000065060000 - 0x0000000065132000 	C:\Program Files\Java\jre1.8.0_60\bin\msvcr100.dll
0x0000000065580000 - 0x0000000065e09000 	C:\Program Files\Java\jre1.8.0_60\bin\server\jvm.dll
0x00007fffd0870000 - 0x00007fffd0879000 	C:\WINDOWS\SYSTEM32\WSOCK32.dll
0x00007fffe86f0000 - 0x00007fffe875c000 	C:\WINDOWS\System32\WS2_32.dll
0x00007fffe2d00000 - 0x00007fffe2d23000 	C:\WINDOWS\SYSTEM32\WINMM.dll
0x00007fffd7990000 - 0x00007fffd799a000 	C:\WINDOWS\SYSTEM32\VERSION.dll
0x00007fffe2cd0000 - 0x00007fffe2cfa000 	C:\WINDOWS\SYSTEM32\WINMMBASE.dll
0x00007fffe50d0000 - 0x00007fffe5119000 	C:\WINDOWS\System32\cfgmgr32.dll
0x0000000065490000 - 0x000000006549f000 	C:\Program Files\Java\jre1.8.0_60\bin\verify.dll
0x0000000065460000 - 0x0000000065489000 	C:\Program Files\Java\jre1.8.0_60\bin\java.dll
0x0000000065440000 - 0x0000000065456000 	C:\Program Files\Java\jre1.8.0_60\bin\zip.dll
0x00007fffe72b0000 - 0x00007fffe86f0000 	C:\WINDOWS\System32\SHELL32.dll
0x00007fffe8c00000 - 0x00007fffe8ca9000 	C:\WINDOWS\System32\shcore.dll
0x00007fffe5120000 - 0x00007fffe582d000 	C:\WINDOWS\System32\windows.storage.dll
0x00007fffe7050000 - 0x00007fffe70a1000 	C:\WINDOWS\System32\shlwapi.dll
0x00007fffe50b0000 - 0x00007fffe50c1000 	C:\WINDOWS\System32\kernel.appcore.dll
0x00007fffe5060000 - 0x00007fffe507f000 	C:\WINDOWS\System32\profapi.dll
0x00007fffe5010000 - 0x00007fffe505c000 	C:\WINDOWS\System32\powrprof.dll
0x00007fffe5080000 - 0x00007fffe508a000 	C:\WINDOWS\System32\FLTLIB.DLL
0x00000000653c0000 - 0x00000000653cd000 	C:\Program Files\Java\jre1.8.0_60\bin\management.dll
0x0000000065420000 - 0x000000006543a000 	C:\Program Files\Java\jre1.8.0_60\bin\net.dll
0x00007fffe4840000 - 0x00007fffe48a6000 	C:\WINDOWS\system32\mswsock.dll
0x0000000065400000 - 0x0000000065411000 	C:\Program Files\Java\jre1.8.0_60\bin\nio.dll
0x00007fffe45d0000 - 0x00007fffe4608000 	C:\WINDOWS\SYSTEM32\IPHLPAPI.DLL
0x00007fffe6530000 - 0x00007fffe6538000 	C:\WINDOWS\System32\NSI.dll
0x00007fffdc810000 - 0x00007fffdc826000 	C:\WINDOWS\SYSTEM32\dhcpcsvc6.DLL
0x00007fffdc7f0000 - 0x00007fffdc80a000 	C:\WINDOWS\SYSTEM32\dhcpcsvc.DLL
0x00007fffe4610000 - 0x00007fffe46ce000 	C:\WINDOWS\SYSTEM32\DNSAPI.dll
0x00007fffdb380000 - 0x00007fffdb38a000 	C:\Windows\System32\rasadhlp.dll
0x00007fffda380000 - 0x00007fffda3f2000 	C:\WINDOWS\System32\fwpuclnt.dll
0x00007fffe4d40000 - 0x00007fffe4d65000 	C:\WINDOWS\SYSTEM32\bcrypt.dll
0x00007fffcf6b0000 - 0x00007fffcf6c6000 	C:\WINDOWS\system32\napinsp.dll
0x00007fffcf690000 - 0x00007fffcf6aa000 	C:\WINDOWS\system32\pnrpnsp.dll
0x00007fffdd170000 - 0x00007fffdd189000 	C:\WINDOWS\system32\NLAapi.dll
0x00007fffcf680000 - 0x00007fffcf68e000 	C:\WINDOWS\System32\winrnr.dll
0x00007fffdde30000 - 0x00007fffdde45000 	C:\WINDOWS\System32\wshbth.dll
0x00007fffdbee0000 - 0x00007fffdc0a9000 	C:\WINDOWS\SYSTEM32\dbghelp.dll

VM Arguments:
java_command: C:\Users\IBM\AppData\Local\Temp\surefire1958272812582870874\surefirebooter5197853896891750597.jar C:\Users\IBM\AppData\Local\Temp\surefire1958272812582870874 2018-08-27T14-36-45_540-jvmRun1 surefire2839974915038794339tmp surefire_02577855822536908909tmp
java_class_path (initial): C:\Users\IBM\AppData\Local\Temp\surefire1958272812582870874\surefirebooter5197853896891750597.jar
Launcher Type: SUN_STANDARD

Environment Variables:
JAVA_HOME=C:\Program Files\Java\jdk1.8.0_60
PATH=C:/Program Files/Java/jre1.8.0_60/bin/server;C:/Program Files/Java/jre1.8.0_60/bin;C:/Program Files/Java/jre1.8.0_60/lib/amd64;C:\oraclexe\app\oracle\product\11.2.0\server\bin;;C:\Program Files\Docker\Docker\Resources\bin;C:\ProgramData\Oracle\Java\javapath;C:\WINDOWS\system32;C:\WINDOWS;C:\WINDOWS\System32\Wbem;C:\WINDOWS\System32\WindowsPowerShell\v1.0\;c:\Program Files\Intel\WiFi\bin\;c:\Program Files\Common Files\Intel\WirelessCommon\;C:\Program Files\nodejs\;C:\Program Files\Git\cmd;C:\WINDOWS\System32\OpenSSH\;C:\Program Files\PuTTY\;C:\Program Files\Microsoft VS Code Insiders\bin;C:\Users\IBM\AppData\Roaming\npm;C:\Users\IBM\AppData\Local\GitHubDesktop\bin;C:\Users\IBM\AppData\Local\Microsoft\WindowsApps;C:\Program Files\Java\jdk1.8.0_60\bin;;E:\Spring\spring-tool-suite-3.9.4.RELEASE-e4.7.3a-win32-x86_64\sts-bundle\sts-3.9.4.RELEASE;
USERNAME=IBM
OS=Windows_NT
PROCESSOR_IDENTIFIER=Intel64 Family 6 Model 61 Stepping 4, GenuineIntel



---------------  S Y S T E M  ---------------

OS: Windows 10.0 , 64 bit Build 17134 (10.0.17134.1)

CPU:total 4 (2 cores per cpu, 2 threads per core) family 6 model 61 stepping 4, cmov, cx8, fxsr, mmx, sse, sse2, sse3, ssse3, sse4.1, sse4.2, popcnt, avx, avx2, aes, clmul, erms, 3dnowpref, lzcnt, ht, tsc, tscinvbit, bmi1, bmi2, adx

Memory: 4k page, physical 8277100k(1610400k free), swap 21908588k(7775856k free)

vm_info: Java HotSpot(TM) 64-Bit Server VM (25.60-b23) for windows-amd64 JRE (1.8.0_60-b27), built on Aug  4 2015 11:06:27 by "java_re" with MS VC++ 10.0 (VS2010)

time: Mon Aug 27 14:37:02 2018
elapsed time: 15 seconds (0d 0h 0m 15s)

